<?xml version="1.0" encoding="UTF-8"?>
<!-- Generated by org.testng.reporters.JUnitXMLReporter -->
<testsuite ignored="0" hostname="DESKTOP-JB2312J" failures="0" tests="4" name="Default test" time="1.412" errors="0" timestamp="23 Mar 2018 14:08:14 GMT">
  <testcase classname="com.datadrivenframework.testcases.TableValidation" name="tablevalidation" time="0.515"/>
  <testcase classname="com.datadrivenframework.testcases.TableValidation" name="tablevalidation" time="0.041"/>
  <testcase classname="com.datadrivenframework.testcases.TableValidation" name="tablevalidation" time="0.037"/>
  <testcase classname="com.datadrivenframework.testcases.TableValidation" name="tablevalidation" time="0.07"/>
</testsuite> <!-- Default test -->
