<?xml version="1.0" encoding="UTF-8"?>
<!-- Generated by org.testng.reporters.JUnitXMLReporter -->
<testsuite ignored="0" hostname="DESKTOP-JB2312J" failures="0" tests="4" name="Default test" time="1.139" errors="0" timestamp="23 Mar 2018 16:12:59 GMT">
  <testcase classname="com.datadrivenframework.testcases.TableValidation" name="tablevalidation" time="0.337"/>
  <testcase classname="com.datadrivenframework.testcases.TableValidation" name="tablevalidation" time="0.035"/>
  <testcase classname="com.datadrivenframework.testcases.TableValidation" name="tablevalidation" time="0.038"/>
  <testcase classname="com.datadrivenframework.testcases.TableValidation" name="tablevalidation" time="0.043"/>
</testsuite> <!-- Default test -->
