<?xml version="1.0" encoding="UTF-8"?>
<!-- Generated by org.testng.reporters.JUnitXMLReporter -->
<testsuite ignored="0" hostname="DESKTOP-JB2312J" failures="0" tests="2" name="Test B" time="20.514" errors="0" timestamp="11 Mar 2018 12:44:50 GMT">
  <testcase classname="com.datadrivenframework.testcases.DummyTestB" name="TestB" time="19.301"/>
  <testcase classname="com.datadrivenframework.testcases.DummyTestB" name="TestB" time="0.002">
    <skipped/>
  </testcase> <!-- TestB -->
</testsuite> <!-- Test B -->
