<?xml version="1.0" encoding="UTF-8"?>
<!-- Generated by org.testng.reporters.JUnitXMLReporter -->
<testsuite ignored="0" hostname="DESKTOP-JB2312J" failures="0" tests="4" name="Test A" time="0.706" errors="0" timestamp="23 Mar 2018 13:21:49 GMT">
  <testcase classname="com.datadrivenframework.testcases.TableValidation" name="tablevalidation" time="0.194"/>
  <testcase classname="com.datadrivenframework.testcases.TableValidation" name="tablevalidation" time="0.021"/>
  <testcase classname="com.datadrivenframework.testcases.TableValidation" name="tablevalidation" time="0.028"/>
  <testcase classname="com.datadrivenframework.testcases.TableValidation" name="tablevalidation" time="0.026"/>
</testsuite> <!-- Test A -->
