<?xml version="1.0" encoding="UTF-8"?>
<!-- Generated by org.testng.reporters.JUnitXMLReporter -->
<testsuite ignored="0" hostname="DESKTOP-JB2312J" failures="0" tests="3" name="Test C" time="0.214" errors="0" timestamp="11 Mar 2018 12:44:50 GMT">
  <testcase classname="com.datadrivenframework.testcases.DummyTestC" name="TestC" time="0.004"/>
  <testcase classname="com.datadrivenframework.testcases.DummyTestC" name="TestC" time="0.003">
    <skipped/>
  </testcase> <!-- TestC -->
  <testcase classname="com.datadrivenframework.testcases.DummyTestC" name="TestC" time="0.003"/>
</testsuite> <!-- Test C -->
