<?xml version="1.0" encoding="UTF-8"?>
<testng-results ignored="0" total="4" passed="4" failed="0" skipped="0">
  <reporter-output>
  </reporter-output>
  <suite started-at="2018-03-23T14:08:13Z" name="Default suite" finished-at="2018-03-23T14:08:14Z" duration-ms="1412">
    <groups>
    </groups>
    <test started-at="2018-03-23T14:08:13Z" name="Default test" finished-at="2018-03-23T14:08:14Z" duration-ms="1412">
      <class name="com.datadrivenframework.testcases.TableValidation">
        <test-method is-config="true" signature="BeforeTest()[pri:0, instance:com.datadrivenframework.testcases.TableValidation@e84a8e1]" started-at="2018-03-23T14:08:13Z" name="BeforeTest" finished-at="2018-03-23T14:08:13Z" duration-ms="8" status="PASS">
          <reporter-output>
          </reporter-output>
        </test-method> <!-- BeforeTest -->
        <test-method signature="tablevalidation(java.util.Hashtable)[pri:0, instance:com.datadrivenframework.testcases.TableValidation@e84a8e1]" started-at="2018-03-23T14:08:13Z" name="tablevalidation" data-provider="getData" finished-at="2018-03-23T14:08:13Z" duration-ms="515" status="PASS">
          <params>
            <param index="0">
              <value>
                <![CDATA[{SOURCE QUERY=select * from tmp_orgntn_applic, TARGET QUERY=select * from orgntn_applic, TestCaseName=ORGNTN_APPLIC}]]>
              </value>
            </param>
          </params>
          <reporter-output>
          </reporter-output>
        </test-method> <!-- tablevalidation -->
        <test-method is-config="true" signature="quit()[pri:0, instance:com.datadrivenframework.testcases.TableValidation@e84a8e1]" started-at="2018-03-23T14:08:13Z" name="quit" finished-at="2018-03-23T14:08:14Z" duration-ms="482" status="PASS">
          <reporter-output>
          </reporter-output>
        </test-method> <!-- quit -->
        <test-method is-config="true" signature="BeforeTest()[pri:0, instance:com.datadrivenframework.testcases.TableValidation@e84a8e1]" started-at="2018-03-23T14:08:14Z" name="BeforeTest" finished-at="2018-03-23T14:08:14Z" duration-ms="0" status="PASS">
          <reporter-output>
          </reporter-output>
        </test-method> <!-- BeforeTest -->
        <test-method signature="tablevalidation(java.util.Hashtable)[pri:0, instance:com.datadrivenframework.testcases.TableValidation@e84a8e1]" started-at="2018-03-23T14:08:14Z" name="tablevalidation" data-provider="getData" finished-at="2018-03-23T14:08:14Z" duration-ms="41" status="PASS">
          <params>
            <param index="0">
              <value>
                <![CDATA[{SOURCE QUERY=select * from tmp_orgntn_fclty, TARGET QUERY=select * from orgntn_fclty, TestCaseName=ORGNTN_FCLTY}]]>
              </value>
            </param>
          </params>
          <reporter-output>
          </reporter-output>
        </test-method> <!-- tablevalidation -->
        <test-method is-config="true" signature="quit()[pri:0, instance:com.datadrivenframework.testcases.TableValidation@e84a8e1]" started-at="2018-03-23T14:08:14Z" name="quit" finished-at="2018-03-23T14:08:14Z" duration-ms="60" status="PASS">
          <reporter-output>
          </reporter-output>
        </test-method> <!-- quit -->
        <test-method signature="tablevalidation(java.util.Hashtable)[pri:0, instance:com.datadrivenframework.testcases.TableValidation@e84a8e1]" started-at="2018-03-23T14:08:14Z" name="tablevalidation" data-provider="getData" finished-at="2018-03-23T14:08:14Z" duration-ms="37" status="PASS">
          <params>
            <param index="0">
              <value>
                <![CDATA[{SOURCE QUERY=select * from tmp_orgntn_fclty_x_applnt, TARGET QUERY=select * from orgntn_fclty_x_applnt, TestCaseName=ORGNTN_FCLTY_X_APPLNT}]]>
              </value>
            </param>
          </params>
          <reporter-output>
          </reporter-output>
        </test-method> <!-- tablevalidation -->
        <test-method is-config="true" signature="BeforeTest()[pri:0, instance:com.datadrivenframework.testcases.TableValidation@e84a8e1]" started-at="2018-03-23T14:08:14Z" name="BeforeTest" finished-at="2018-03-23T14:08:14Z" duration-ms="0" status="PASS">
          <reporter-output>
          </reporter-output>
        </test-method> <!-- BeforeTest -->
        <test-method is-config="true" signature="quit()[pri:0, instance:com.datadrivenframework.testcases.TableValidation@e84a8e1]" started-at="2018-03-23T14:08:14Z" name="quit" finished-at="2018-03-23T14:08:14Z" duration-ms="61" status="PASS">
          <reporter-output>
          </reporter-output>
        </test-method> <!-- quit -->
        <test-method signature="tablevalidation(java.util.Hashtable)[pri:0, instance:com.datadrivenframework.testcases.TableValidation@e84a8e1]" started-at="2018-03-23T14:08:14Z" name="tablevalidation" data-provider="getData" finished-at="2018-03-23T14:08:14Z" duration-ms="70" status="PASS">
          <params>
            <param index="0">
              <value>
                <![CDATA[{SOURCE QUERY=select * from ORGNTN_APPLNT, TARGET QUERY=select * from ORGNTN_APPLNT, TestCaseName=ORGNTN_APPLNT}]]>
              </value>
            </param>
          </params>
          <reporter-output>
          </reporter-output>
        </test-method> <!-- tablevalidation -->
        <test-method is-config="true" signature="BeforeTest()[pri:0, instance:com.datadrivenframework.testcases.TableValidation@e84a8e1]" started-at="2018-03-23T14:08:14Z" name="BeforeTest" finished-at="2018-03-23T14:08:14Z" duration-ms="0" status="PASS">
          <reporter-output>
          </reporter-output>
        </test-method> <!-- BeforeTest -->
        <test-method is-config="true" signature="quit()[pri:0, instance:com.datadrivenframework.testcases.TableValidation@e84a8e1]" started-at="2018-03-23T14:08:14Z" name="quit" finished-at="2018-03-23T14:08:14Z" duration-ms="52" status="PASS">
          <reporter-output>
          </reporter-output>
        </test-method> <!-- quit -->
      </class> <!-- com.datadrivenframework.testcases.TableValidation -->
    </test> <!-- Default test -->
  </suite> <!-- Default suite -->
</testng-results>
